Starting process: module

Starting process: 

SCUBA, Version Diamond (64-bit) 3.12.1.454
Sun Sep 11 17:37:26 2022

Copyright (c) 1991-1994 by NeoCAD Inc. All rights reserved.
Copyright (c) 1995 AT&T Corp.   All rights reserved.
Copyright (c) 1995-2001 Lucent Technologies Inc.  All rights reserved.
Copyright (c) 2001 Agere Systems   All rights reserved.
Copyright (c) 2002-2020 Lattice Semiconductor Corporation,  All rights reserved.

BEGIN SCUBA Module Synthesis

    Issued command   : C:\lscc\diamond\3.12\ispfpga\bin\nt64\scuba.exe -w -n serialFIFO -lang verilog -synth lse -bus_exp 7 -bb -arch xo2c00 -type ebfifo -depth 64 -width 8 -rwidth 8 -pfu_fifo -no_enable -pe 8 -pf 56 
    Circuit name     : serialFIFO
    Module type      : ebfifo
    Module Version   : 5.8
    Ports            : 
	Inputs       : Data[7:0], WrClock, RdClock, WrEn, RdEn, Reset, RPReset
	Outputs      : Q[7:0], Empty, Full, AlmostEmpty, AlmostFull
    I/O buffer       : not inserted
    EDIF output      : serialFIFO.edn
    Verilog output   : serialFIFO.v
    Verilog template : serialFIFO_tmpl.v
    Verilog testbench: tb_serialFIFO_tmpl.v
    Verilog purpose  : for synthesis and simulation
    Bus notation     : big endian
    Report output    : serialFIFO.srp
    Estimated Resource Usage:
            LUT : 135
           DRAM : 8
            Reg : 96

END   SCUBA Module Synthesis

File: serialFIFO.lpc created.


End process: completed successfully.


Total Warnings:  0

Total Errors:  0


